c:\users\greenr\source\repos\ack\ack\release\ack.pch
c:\users\greenr\source\repos\ack\ack\release\vc142.pdb
c:\users\greenr\source\repos\ack\ack\release\pch.obj
c:\users\greenr\source\repos\ack\ack\release\dlgproxy.obj
c:\users\greenr\source\repos\ack\ack\release\ackdlg2.obj
c:\users\greenr\source\repos\ack\ack\release\ackdlg.obj
c:\users\greenr\source\repos\ack\ack\release\ack.obj
c:\users\greenr\source\repos\ack\release\ack.exe
c:\users\greenr\source\repos\ack\ack\release\ack.ipdb
c:\users\greenr\source\repos\ack\ack\release\ack.iobj
c:\users\greenr\source\repos\ack\release\ack.pdb
c:\users\greenr\source\repos\ack\ack\release\ack.tlb
c:\users\greenr\source\repos\ack\ack\ack_i.c
c:\users\greenr\source\repos\ack\ack\ack_h.h
c:\users\greenr\source\repos\ack\ack\release\ack.res
c:\users\greenr\source\repos\ack\ack\release\spatialanalyzersdk.tli
c:\users\greenr\source\repos\ack\ack\release\spatialanalyzersdk.tlh
c:\users\greenr\source\repos\ack\ack\release\ack.tlog\cl.command.1.tlog
c:\users\greenr\source\repos\ack\ack\release\ack.tlog\cl.read.1.tlog
c:\users\greenr\source\repos\ack\ack\release\ack.tlog\cl.write.1.tlog
c:\users\greenr\source\repos\ack\ack\release\ack.tlog\link.command.1.tlog
c:\users\greenr\source\repos\ack\ack\release\ack.tlog\link.read.1.tlog
c:\users\greenr\source\repos\ack\ack\release\ack.tlog\link.write.1.tlog
c:\users\greenr\source\repos\ack\ack\release\ack.tlog\midl.command.1.tlog
c:\users\greenr\source\repos\ack\ack\release\ack.tlog\midl.read.1.tlog
c:\users\greenr\source\repos\ack\ack\release\ack.tlog\midl.write.1.tlog
c:\users\greenr\source\repos\ack\ack\release\ack.tlog\rc.command.1.tlog
c:\users\greenr\source\repos\ack\ack\release\ack.tlog\rc.read.1.tlog
c:\users\greenr\source\repos\ack\ack\release\ack.tlog\rc.write.1.tlog
