c:\users\greenr\source\repos\ack\ack\debug\ack.pch
c:\users\greenr\source\repos\ack\ack\debug\vc142.pdb
c:\users\greenr\source\repos\ack\ack\debug\vc142.idb
c:\users\greenr\source\repos\ack\ack\debug\pch.obj
c:\users\greenr\source\repos\ack\ack\debug\dlgproxy.obj
c:\users\greenr\source\repos\ack\ack\debug\ackdlg2.obj
c:\users\greenr\source\repos\ack\ack\debug\ackdlg.obj
c:\users\greenr\source\repos\ack\ack\debug\ack.obj
c:\users\greenr\source\repos\ack\debug\ack.exe
c:\users\greenr\source\repos\ack\ack\debug\ack.ilk
c:\users\greenr\source\repos\ack\debug\ack.pdb
c:\users\greenr\source\repos\ack\ack\debug\ack.tlb
c:\users\greenr\source\repos\ack\ack\ack_i.c
c:\users\greenr\source\repos\ack\ack\ack_h.h
c:\users\greenr\source\repos\ack\ack\debug\ack.res
c:\users\greenr\source\repos\ack\ack\debug\spatialanalyzersdk.tli
c:\users\greenr\source\repos\ack\ack\debug\spatialanalyzersdk.tlh
c:\users\greenr\source\repos\ack\ack\debug\ack.tlog\cl.command.1.tlog
c:\users\greenr\source\repos\ack\ack\debug\ack.tlog\cl.read.1.tlog
c:\users\greenr\source\repos\ack\ack\debug\ack.tlog\cl.write.1.tlog
c:\users\greenr\source\repos\ack\ack\debug\ack.tlog\link.command.1.tlog
c:\users\greenr\source\repos\ack\ack\debug\ack.tlog\link.read.1.tlog
c:\users\greenr\source\repos\ack\ack\debug\ack.tlog\link.write.1.tlog
c:\users\greenr\source\repos\ack\ack\debug\ack.tlog\midl.command.1.tlog
c:\users\greenr\source\repos\ack\ack\debug\ack.tlog\midl.read.1.tlog
c:\users\greenr\source\repos\ack\ack\debug\ack.tlog\midl.write.1.tlog
c:\users\greenr\source\repos\ack\ack\debug\ack.tlog\rc.command.1.tlog
c:\users\greenr\source\repos\ack\ack\debug\ack.tlog\rc.read.1.tlog
c:\users\greenr\source\repos\ack\ack\debug\ack.tlog\rc.write.1.tlog
