  Processing .\Ack.idl
  Ack.idl
  Processing C:\Program Files (x86)\Windows Kits\10\Include\10.0.19041.0\um\oaidl.idl
  oaidl.idl
  Processing C:\Program Files (x86)\Windows Kits\10\Include\10.0.19041.0\um\objidl.idl
  objidl.idl
  Processing C:\Program Files (x86)\Windows Kits\10\Include\10.0.19041.0\um\unknwn.idl
  unknwn.idl
  Processing C:\Program Files (x86)\Windows Kits\10\Include\10.0.19041.0\shared\wtypes.idl
  wtypes.idl
  Processing C:\Program Files (x86)\Windows Kits\10\Include\10.0.19041.0\shared\wtypesbase.idl
  wtypesbase.idl
  Processing C:\Program Files (x86)\Windows Kits\10\Include\10.0.19041.0\shared\basetsd.h
  basetsd.h
  Processing C:\Program Files (x86)\Windows Kits\10\Include\10.0.19041.0\shared\guiddef.h
  guiddef.h
  Processing C:\Program Files (x86)\Windows Kits\10\Include\10.0.19041.0\um\oaidl.acf
  oaidl.acf
  pch.cpp
  Ack.cpp
  AckDlg.cpp
C:\Users\greenr\source\repos\Ack\Ack\AckDlg.cpp(645,29): warning C4018: '>=': signed/unsigned mismatch
C:\Users\greenr\source\repos\Ack\Ack\AckDlg.cpp(653,29): warning C4018: '>=': signed/unsigned mismatch
  AckDlg2.cpp
  DlgProxy.cpp
  Generating Code...
  Ack.vcxproj -> C:\Users\greenr\source\repos\Ack\Debug\Ack.exe
